d:\onedrive\curriculum\desafio_tractian\desafiotractian\visualstudio\desafiotractian\debug\vc142.pdb
d:\onedrive\curriculum\desafio_tractian\desafiotractian\visualstudio\desafiotractian\debug\vc142.idb
d:\onedrive\curriculum\desafio_tractian\desafiotractian\visualstudio\desafiotractian\debug\desafiotractian.obj
d:\onedrive\curriculum\desafio_tractian\desafiotractian\visualstudio\desafiotractian\debug\desafiotractian.pdb
d:\onedrive\curriculum\desafio_tractian\desafiotractian\visualstudio\desafiotractian\debug\desafiotractian.tlog\cl.command.1.tlog
d:\onedrive\curriculum\desafio_tractian\desafiotractian\visualstudio\desafiotractian\debug\desafiotractian.tlog\cl.read.1.tlog
d:\onedrive\curriculum\desafio_tractian\desafiotractian\visualstudio\desafiotractian\debug\desafiotractian.tlog\cl.write.1.tlog
d:\onedrive\curriculum\desafio_tractian\desafiotractian\visualstudio\desafiotractian\debug\desafiotractian.tlog\link-cvtres.read.1.tlog
d:\onedrive\curriculum\desafio_tractian\desafiotractian\visualstudio\desafiotractian\debug\desafiotractian.tlog\link-cvtres.write.1.tlog
d:\onedrive\curriculum\desafio_tractian\desafiotractian\visualstudio\desafiotractian\debug\desafiotractian.tlog\link-rc.read.1.tlog
d:\onedrive\curriculum\desafio_tractian\desafiotractian\visualstudio\desafiotractian\debug\desafiotractian.tlog\link-rc.write.1.tlog
d:\onedrive\curriculum\desafio_tractian\desafiotractian\visualstudio\desafiotractian\debug\desafiotractian.tlog\link.20988-cvtres.read.1.tlog
d:\onedrive\curriculum\desafio_tractian\desafiotractian\visualstudio\desafiotractian\debug\desafiotractian.tlog\link.20988-cvtres.write.1.tlog
d:\onedrive\curriculum\desafio_tractian\desafiotractian\visualstudio\desafiotractian\debug\desafiotractian.tlog\link.20988-rc.read.1.tlog
d:\onedrive\curriculum\desafio_tractian\desafiotractian\visualstudio\desafiotractian\debug\desafiotractian.tlog\link.20988-rc.write.1.tlog
d:\onedrive\curriculum\desafio_tractian\desafiotractian\visualstudio\desafiotractian\debug\desafiotractian.tlog\link.20988.read.1.tlog
d:\onedrive\curriculum\desafio_tractian\desafiotractian\visualstudio\desafiotractian\debug\desafiotractian.tlog\link.20988.write.1.tlog
d:\onedrive\curriculum\desafio_tractian\desafiotractian\visualstudio\desafiotractian\debug\desafiotractian.tlog\link.command.1.tlog
d:\onedrive\curriculum\desafio_tractian\desafiotractian\visualstudio\desafiotractian\debug\desafiotractian.tlog\link.read.1.tlog
d:\onedrive\curriculum\desafio_tractian\desafiotractian\visualstudio\desafiotractian\debug\desafiotractian.tlog\link.write.1.tlog
